<?xml version="1.0" encoding="UTF-8"?>
<testsuite name="models.MechanicTest" tests="3" skipped="0" failures="0" errors="0" timestamp="2023-03-25T18:50:42" hostname="kajela-HP-EliteBook-840-G3" time="0.009">
  <properties/>
  <testcase name="getClientIdReturnsCorrectly" classname="models.MechanicTest" time="0.003"/>
  <testcase name="getChargesReturnsCorrectly" classname="models.MechanicTest" time="0.001"/>
  <testcase name="getNameReturnsCorrectly" classname="models.MechanicTest" time="0.0"/>
  <system-out><![CDATA[]]></system-out>
  <system-err><![CDATA[]]></system-err>
</testsuite>
