<?xml version="1.0" encoding="UTF-8"?>
<testsuite name="models.ServiceTest" tests="1" skipped="0" failures="0" errors="0" timestamp="2023-03-25T14:14:38" hostname="kajela-HP-EliteBook-840-G3" time="0.004">
  <properties/>
  <testcase name="getNameReturnsCorrectly" classname="models.ServiceTest" time="0.004"/>
  <system-out><![CDATA[]]></system-out>
  <system-err><![CDATA[]]></system-err>
</testsuite>
