<?xml version="1.0" encoding="UTF-8"?>
<testsuite name="dao.Sql2oServiceDaoTest" tests="1" skipped="0" failures="0" errors="0" timestamp="2023-03-25T17:12:48" hostname="kajela-HP-EliteBook-840-G3" time="1.162">
  <properties/>
  <testcase name="deleteByIdDeletesCorrectly" classname="dao.Sql2oServiceDaoTest" time="1.162"/>
  <system-out><![CDATA[clearing database
closing database
]]></system-out>
  <system-err><![CDATA[]]></system-err>
</testsuite>
