<?xml version="1.0" encoding="UTF-8"?>
<testsuite name="models.ClientTest" tests="10" skipped="0" failures="0" errors="0" timestamp="2023-03-24T05:49:47" hostname="kajela-HP-EliteBook-840-G3" time="0.007">
  <properties/>
  <testcase name="getServiceIdReturnsCorrectly" classname="models.ClientTest" time="0.002"/>
  <testcase name="setNameSetNameCorrectly" classname="models.ClientTest" time="0.0"/>
  <testcase name="setCarSetsCorrectly" classname="models.ClientTest" time="0.0"/>
  <testcase name="setEmailSetsCorrectly" classname="models.ClientTest" time="0.001"/>
  <testcase name="setTelSetsTelCorrectly" classname="models.ClientTest" time="0.0"/>
  <testcase name="getCarReturnsCarCorrectly" classname="models.ClientTest" time="0.001"/>
  <testcase name="getNameReturnsNameCorrectly" classname="models.ClientTest" time="0.0"/>
  <testcase name="getEmailReturnsEmailCorrectly" classname="models.ClientTest" time="0.0"/>
  <testcase name="setServiceIdSetsCorrectly" classname="models.ClientTest" time="0.0"/>
  <testcase name="getTelReturnsTheCorrectTel" classname="models.ClientTest" time="0.0"/>
  <system-out><![CDATA[]]></system-out>
  <system-err><![CDATA[]]></system-err>
</testsuite>
