<?xml version="1.0" encoding="UTF-8"?>
<testsuite name="dao.Sql2oMechanicDaoTest" tests="1" skipped="0" failures="0" errors="0" timestamp="2023-03-27T13:11:16" hostname="kajela-HP-EliteBook-840-G3" time="0.651">
  <properties/>
  <testcase name="deleteByIdDeletesTheCorrectField" classname="dao.Sql2oMechanicDaoTest" time="0.651"/>
  <system-out><![CDATA[closing database
closing database
]]></system-out>
  <system-err><![CDATA[]]></system-err>
</testsuite>
